2020-04-12 16:17:38.525 DEBUG [main] [com.stepdefinition.Test_Myaccount_Login] [user_on_homepage] [com.stepdefinition.Test_Myaccount_Login.user_on_homepage(Test_Myaccount_Login.java:29)] - Navigated to the specified url
2020-04-12 16:17:42.143 INFO [main] [com.stepdefinition.Test_Myaccount_Login] [user_on_login_page] [com.stepdefinition.Test_Myaccount_Login.user_on_login_page(Test_Myaccount_Login.java:46)] - Navigated to the Myaccount
2020-04-12 16:17:45.375 INFO [main] [com.stepdefinition.Test_Myaccount_Login] [user_enters_username_and_password] [com.stepdefinition.Test_Myaccount_Login.user_enters_username_and_password(Test_Myaccount_Login.java:56)] - Entered username and password
2020-04-12 16:17:47.625 ERROR [main] [com.stepdefinition.Test_Myaccount_Login] [user_clicks_login_button] [com.stepdefinition.Test_Myaccount_Login.user_clicks_login_button(Test_Myaccount_Login.java:62)] - Clicked on login button
2020-04-12 16:17:48.638 INFO [main] [com.stepdefinition.Test_Myaccount_Login] [user_lands_on_homepage] [com.stepdefinition.Test_Myaccount_Login.user_lands_on_homepage(Test_Myaccount_Login.java:68)] - Login sucessfull
2020-04-12 16:18:07.134 DEBUG [main] [com.stepdefinition.Test_Myaccount_accountdetails] [user_on_homepage1] [com.stepdefinition.Test_Myaccount_accountdetails.user_on_homepage1(Test_Myaccount_accountdetails.java:29)] - Navigated to the specified url
2020-04-12 16:18:09.205 INFO [main] [com.stepdefinition.Test_Myaccount_accountdetails] [user_on_login_page1] [com.stepdefinition.Test_Myaccount_accountdetails.user_on_login_page1(Test_Myaccount_accountdetails.java:46)] - Navigated to the Myaccount
2020-04-12 16:18:11.614 INFO [main] [com.stepdefinition.Test_Myaccount_accountdetails] [user_clicks_login_button1] [com.stepdefinition.Test_Myaccount_accountdetails.user_clicks_login_button1(Test_Myaccount_accountdetails.java:54)] - Entered username and password
2020-04-12 16:18:14.524 ERROR [main] [com.stepdefinition.Test_Myaccount_accountdetails] [user_clicks_on_Accountdetails1] [com.stepdefinition.Test_Myaccount_accountdetails.user_clicks_on_Accountdetails1(Test_Myaccount_accountdetails.java:68)] - Navigating to your account
2020-04-12 16:18:23.187 INFO [main] [com.stepdefinition.Test_Myaccount_accountdetails] [user_enters_and_and] [com.stepdefinition.Test_Myaccount_accountdetails.user_enters_and_and(Test_Myaccount_accountdetails.java:75)] - Entered new password
2020-04-12 16:18:23.191 INFO [main] [com.stepdefinition.Test_Myaccount_accountdetails] [user_lands_on_password_changed_successfully] [com.stepdefinition.Test_Myaccount_accountdetails.user_lands_on_password_changed_successfully(Test_Myaccount_accountdetails.java:80)] - Password changed successfully
2020-04-12 16:18:42.524 DEBUG [main] [com.stepdefinition.Test_BillingAddress] [user_on_home_page1] [com.stepdefinition.Test_BillingAddress.user_on_home_page1(Test_BillingAddress.java:29)] - navigating to the url
2020-04-12 16:18:43.868 INFO [main] [com.stepdefinition.Test_BillingAddress] [user_enters_to_login_page] [com.stepdefinition.Test_BillingAddress.user_enters_to_login_page(Test_BillingAddress.java:45)] - Navigating to myaccount
2020-04-12 16:18:47.810 INFO [main] [com.stepdefinition.Test_BillingAddress] [user_enters_details_and_clicks_login_button] [com.stepdefinition.Test_BillingAddress.user_enters_details_and_clicks_login_button(Test_BillingAddress.java:54)] - entered username and password
2020-04-12 16:18:52.958 INFO [main] [com.stepdefinition.Test_BillingAddress] [user_click_on_edit_option] [com.stepdefinition.Test_BillingAddress.user_click_on_edit_option(Test_BillingAddress.java:74)] - clicked on edit billing address
2020-04-12 16:18:57.547 INFO [main] [com.stepdefinition.Test_BillingAddress] [start_entering_details] [com.stepdefinition.Test_BillingAddress.start_entering_details(Test_BillingAddress.java:80)] - edited the billing address
2020-04-12 16:18:59.804 INFO [main] [com.stepdefinition.Test_BillingAddress] [click_on_savechanges] [com.stepdefinition.Test_BillingAddress.click_on_savechanges(Test_BillingAddress.java:86)] - clicked on save changes
2020-04-12 16:19:26.223 DEBUG [main] [com.stepdefinition.Test_Addtobasket] [user_on_homepage2] [com.stepdefinition.Test_Addtobasket.user_on_homepage2(Test_Addtobasket.java:29)] - Navigated to the specified url
2020-04-12 16:19:27.809 INFO [main] [com.stepdefinition.Test_Addtobasket] [user_searches_the_product] [com.stepdefinition.Test_Addtobasket.user_searches_the_product(Test_Addtobasket.java:45)] - searched the product
2020-04-12 16:19:31.147 INFO [main] [com.stepdefinition.Test_Addtobasket] [user_select_the_product] [com.stepdefinition.Test_Addtobasket.user_select_the_product(Test_Addtobasket.java:60)] - selected the type of the product
2020-04-12 16:19:32.319 INFO [main] [com.stepdefinition.Test_Addtobasket] [user_select_the_filter] [com.stepdefinition.Test_Addtobasket.user_select_the_filter(Test_Addtobasket.java:74)] - Added filter
2020-04-12 16:19:33.729 INFO [main] [com.stepdefinition.Test_Addtobasket] [user_click_the_product] [com.stepdefinition.Test_Addtobasket.user_click_the_product(Test_Addtobasket.java:80)] - selected the final product
2020-04-12 16:19:35.830 INFO [main] [com.stepdefinition.Test_Addtobasket] [user_add_to_basket] [com.stepdefinition.Test_Addtobasket.user_add_to_basket(Test_Addtobasket.java:86)] - Added to the basket
2020-04-12 16:19:37.872 INFO [main] [com.stepdefinition.Test_Addtobasket] [user_lands_on_basketpage] [com.stepdefinition.Test_Addtobasket.user_lands_on_basketpage(Test_Addtobasket.java:100)] - Landed on the basket page
2020-04-12 16:19:52.524 DEBUG [main] [com.stepdefinition.Test_Demosite_Download] [user_on_homepage3] [com.stepdefinition.Test_Demosite_Download.user_on_homepage3(Test_Demosite_Download.java:29)] - Navigated to the specified url
2020-04-12 16:19:52.610 INFO [main] [com.stepdefinition.Test_Demosite_Download] [userclicks_on_Demosite] [com.stepdefinition.Test_Demosite_Download.userclicks_on_Demosite(Test_Demosite_Download.java:45)] - Clicking on Demosite
2020-04-12 16:19:55.334 INFO [main] [com.stepdefinition.Test_Demosite_Download] [user_clicks_on_Download_file] [com.stepdefinition.Test_Demosite_Download.user_clicks_on_Download_file(Test_Demosite_Download.java:61)] - Clicking on download file
2020-04-12 16:19:58.675 INFO [main] [com.stepdefinition.Test_Demosite_Download] [user_enters_the_data] [com.stepdefinition.Test_Demosite_Download.user_enters_the_data(Test_Demosite_Download.java:76)] - Entering the data
2020-04-12 16:20:00.866 INFO [main] [com.stepdefinition.Test_Demosite_Download] [user_generates_the_file] [com.stepdefinition.Test_Demosite_Download.user_generates_the_file(Test_Demosite_Download.java:82)] - Generating the file
2020-04-12 16:20:00.989 INFO [main] [com.stepdefinition.Test_Demosite_Download] [user_downloads_the_file] [com.stepdefinition.Test_Demosite_Download.user_downloads_the_file(Test_Demosite_Download.java:88)] - Downloading the file
2020-04-12 16:20:01.135 INFO [main] [com.stepdefinition.Test_Demosite_Download] [file_is_downloaded] [com.stepdefinition.Test_Demosite_Download.file_is_downloaded(Test_Demosite_Download.java:94)] - File is downloaded
2020-04-12 16:20:12.149 DEBUG [main] [com.pages.Myaccount_Placingorder] [enters_the_home_page] [com.stepdefinition.Test_Myaccount_Placingorder.enters_the_home_page(Test_Myaccount_Placingorder.java:27)] - Entered to home page
2020-04-12 16:20:19.101 INFO [main] [com.pages.Myaccount_Placingorder] [user_login_with_valid_credentials] [com.stepdefinition.Test_Myaccount_Placingorder.user_login_with_valid_credentials(Test_Myaccount_Placingorder.java:43)] - Navigated to the Myaccount
2020-04-12 16:20:23.990 INFO [main] [com.pages.Myaccount_Placingorder] [user_login_with_valid_credentials] [com.stepdefinition.Test_Myaccount_Placingorder.user_login_with_valid_credentials(Test_Myaccount_Placingorder.java:47)] - Entered username and password
2020-04-12 16:20:25.846 ERROR [main] [com.pages.Myaccount_Placingorder] [user_login_with_valid_credentials] [com.stepdefinition.Test_Myaccount_Placingorder.user_login_with_valid_credentials(Test_Myaccount_Placingorder.java:57)] - Clicked on login button
2020-04-12 16:20:27.682 INFO [main] [com.pages.Myaccount_Placingorder] [user_clicks_on_shop] [com.stepdefinition.Test_Myaccount_Placingorder.user_clicks_on_shop(Test_Myaccount_Placingorder.java:71)] - Navigated to the shop
2020-04-12 16:20:31.733 INFO [main] [com.pages.Myaccount_Placingorder] [user_select_an_item_to_basket_and_view_the_product] [com.stepdefinition.Test_Myaccount_Placingorder.user_select_an_item_to_basket_and_view_the_product(Test_Myaccount_Placingorder.java:86)] - Added item to the basket and clicked to view the basket
2020-04-12 16:20:34.322 INFO [main] [com.pages.Myaccount_Placingorder] [clicks_on_proceed] [com.stepdefinition.Test_Myaccount_Placingorder.clicks_on_proceed(Test_Myaccount_Placingorder.java:101)] - Clicked on proceed
2020-04-12 16:20:44.409 DEBUG [main] [com.pages.Myaccount_Placingorder] [user_on_home_page6] [com.stepdefinition.Test_Myaccount_Deletecartitem.user_on_home_page6(Test_Myaccount_Deletecartitem.java:27)] - Entered to home page
2020-04-12 16:20:51.492 ERROR [main] [com.pages.Myaccount_Placingorder] [select_the_shop_for_a_product_and_add_to_cart] [com.stepdefinition.Test_Myaccount_Deletecartitem.select_the_shop_for_a_product_and_add_to_cart(Test_Myaccount_Deletecartitem.java:51)] - Users logged with valid credentials
2020-04-12 16:20:56.990 ERROR [main] [com.pages.Myaccount_Placingorder] [clicks_on_view_basket] [com.stepdefinition.Test_Myaccount_Deletecartitem.clicks_on_view_basket(Test_Myaccount_Deletecartitem.java:65)] - Clicks on view basket
2020-04-12 16:20:59.401 ERROR [main] [com.pages.Myaccount_Placingorder] [delete_the_unwanted_item] [com.stepdefinition.Test_Myaccount_Deletecartitem.delete_the_unwanted_item(Test_Myaccount_Deletecartitem.java:73)] - Unwanted product is removed
2020-04-12 16:20:59.403 INFO [main] [com.pages.Myaccount_Placingorder] [deleted_message_appear_on_screen] [com.stepdefinition.Test_Myaccount_Deletecartitem.deleted_message_appear_on_screen(Test_Myaccount_Deletecartitem.java:78)] - Deleted message appears on screen
2020-04-12 16:21:33.102 DEBUG [main] [com.stepdefinition.Test_Myaccount_accountdetails] [user_on_homepage4] [com.stepdefinition.Test_My_Youtube.user_on_homepage4(Test_My_Youtube.java:29)] - Navigated to the specified url
2020-04-12 16:21:34.954 INFO [main] [com.stepdefinition.Test_Myaccount_accountdetails] [user_clicks_on_Demosite] [com.stepdefinition.Test_My_Youtube.user_clicks_on_Demosite(Test_My_Youtube.java:45)] - Navigated to the demosite
2020-04-12 16:21:44.680 INFO [main] [com.stepdefinition.Test_Myaccount_accountdetails] [user_clicks_on_vimeo_button] [com.stepdefinition.Test_My_Youtube.user_clicks_on_vimeo_button(Test_My_Youtube.java:59)] - Clicked on vimeo
2020-04-12 16:21:45.210 INFO [main] [com.stepdefinition.Test_Myaccount_accountdetails] [video_is_played] [com.stepdefinition.Test_My_Youtube.video_is_played(Test_My_Youtube.java:73)] - Clicked on play
2020-04-12 16:25:50.811 DEBUG [main] [com.pages.Myaccount_Placingorder] [enters_the_home_page] [com.stepdefinition.Test_Myaccount_Placingorder.enters_the_home_page(Test_Myaccount_Placingorder.java:27)] - Entered to home page
2020-04-12 16:25:56.656 INFO [main] [com.pages.Myaccount_Placingorder] [user_login_with_valid_credentials] [com.stepdefinition.Test_Myaccount_Placingorder.user_login_with_valid_credentials(Test_Myaccount_Placingorder.java:43)] - Navigated to the Myaccount
2020-04-12 16:25:58.009 INFO [main] [com.pages.Myaccount_Placingorder] [user_login_with_valid_credentials] [com.stepdefinition.Test_Myaccount_Placingorder.user_login_with_valid_credentials(Test_Myaccount_Placingorder.java:47)] - Entered username and password
2020-04-12 16:25:59.832 ERROR [main] [com.pages.Myaccount_Placingorder] [user_login_with_valid_credentials] [com.stepdefinition.Test_Myaccount_Placingorder.user_login_with_valid_credentials(Test_Myaccount_Placingorder.java:57)] - Clicked on login button
2020-04-12 16:26:02.115 INFO [main] [com.pages.Myaccount_Placingorder] [user_clicks_on_shop] [com.stepdefinition.Test_Myaccount_Placingorder.user_clicks_on_shop(Test_Myaccount_Placingorder.java:71)] - Navigated to the shop
2020-04-12 16:26:48.075 DEBUG [main] [com.pages.Myaccount_Placingorder] [enters_the_home_page] [com.stepdefinition.Test_Myaccount_Placingorder.enters_the_home_page(Test_Myaccount_Placingorder.java:27)] - Entered to home page
2020-04-12 16:26:53.857 INFO [main] [com.pages.Myaccount_Placingorder] [user_login_with_valid_credentials] [com.stepdefinition.Test_Myaccount_Placingorder.user_login_with_valid_credentials(Test_Myaccount_Placingorder.java:43)] - Navigated to the Myaccount
2020-04-12 16:26:56.464 INFO [main] [com.pages.Myaccount_Placingorder] [user_login_with_valid_credentials] [com.stepdefinition.Test_Myaccount_Placingorder.user_login_with_valid_credentials(Test_Myaccount_Placingorder.java:47)] - Entered username and password
2020-04-12 16:26:58.267 ERROR [main] [com.pages.Myaccount_Placingorder] [user_login_with_valid_credentials] [com.stepdefinition.Test_Myaccount_Placingorder.user_login_with_valid_credentials(Test_Myaccount_Placingorder.java:57)] - Clicked on login button
2020-04-12 16:27:01.267 INFO [main] [com.pages.Myaccount_Placingorder] [user_clicks_on_shop] [com.stepdefinition.Test_Myaccount_Placingorder.user_clicks_on_shop(Test_Myaccount_Placingorder.java:71)] - Navigated to the shop
2020-04-12 16:29:43.054 DEBUG [main] [com.pages.Myaccount_Placingorder] [enters_the_home_page] [com.stepdefinition.Test_Myaccount_Placingorder.enters_the_home_page(Test_Myaccount_Placingorder.java:27)] - Entered to home page
2020-04-12 16:29:49.653 INFO [main] [com.pages.Myaccount_Placingorder] [user_login_with_valid_credentials] [com.stepdefinition.Test_Myaccount_Placingorder.user_login_with_valid_credentials(Test_Myaccount_Placingorder.java:43)] - Navigated to the Myaccount
2020-04-12 16:29:50.902 INFO [main] [com.pages.Myaccount_Placingorder] [user_login_with_valid_credentials] [com.stepdefinition.Test_Myaccount_Placingorder.user_login_with_valid_credentials(Test_Myaccount_Placingorder.java:47)] - Entered username and password
2020-04-12 16:29:53.055 ERROR [main] [com.pages.Myaccount_Placingorder] [user_login_with_valid_credentials] [com.stepdefinition.Test_Myaccount_Placingorder.user_login_with_valid_credentials(Test_Myaccount_Placingorder.java:57)] - Clicked on login button
2020-04-12 16:29:54.379 INFO [main] [com.pages.Myaccount_Placingorder] [user_clicks_on_shop] [com.stepdefinition.Test_Myaccount_Placingorder.user_clicks_on_shop(Test_Myaccount_Placingorder.java:71)] - Navigated to the shop
2020-04-12 16:30:44.440 DEBUG [main] [com.pages.Myaccount_Placingorder] [enters_the_home_page] [com.stepdefinition.Test_Myaccount_Placingorder.enters_the_home_page(Test_Myaccount_Placingorder.java:27)] - Entered to home page
2020-04-12 16:30:51.192 INFO [main] [com.pages.Myaccount_Placingorder] [user_login_with_valid_credentials] [com.stepdefinition.Test_Myaccount_Placingorder.user_login_with_valid_credentials(Test_Myaccount_Placingorder.java:43)] - Navigated to the Myaccount
2020-04-12 16:30:54.241 INFO [main] [com.pages.Myaccount_Placingorder] [user_login_with_valid_credentials] [com.stepdefinition.Test_Myaccount_Placingorder.user_login_with_valid_credentials(Test_Myaccount_Placingorder.java:47)] - Entered username and password
2020-04-12 16:30:56.440 ERROR [main] [com.pages.Myaccount_Placingorder] [user_login_with_valid_credentials] [com.stepdefinition.Test_Myaccount_Placingorder.user_login_with_valid_credentials(Test_Myaccount_Placingorder.java:57)] - Clicked on login button
2020-04-12 16:30:58.527 INFO [main] [com.pages.Myaccount_Placingorder] [user_clicks_on_shop] [com.stepdefinition.Test_Myaccount_Placingorder.user_clicks_on_shop(Test_Myaccount_Placingorder.java:71)] - Navigated to the shop
2020-04-12 16:32:42.261 DEBUG [main] [com.pages.Myaccount_Placingorder] [enters_the_home_page] [com.stepdefinition.Test_Myaccount_Placingorder.enters_the_home_page(Test_Myaccount_Placingorder.java:27)] - Entered to home page
2020-04-12 16:32:49.291 INFO [main] [com.pages.Myaccount_Placingorder] [user_login_with_valid_credentials] [com.stepdefinition.Test_Myaccount_Placingorder.user_login_with_valid_credentials(Test_Myaccount_Placingorder.java:43)] - Navigated to the Myaccount
2020-04-12 16:32:51.122 INFO [main] [com.pages.Myaccount_Placingorder] [user_login_with_valid_credentials] [com.stepdefinition.Test_Myaccount_Placingorder.user_login_with_valid_credentials(Test_Myaccount_Placingorder.java:47)] - Entered username and password
2020-04-12 16:32:52.993 ERROR [main] [com.pages.Myaccount_Placingorder] [user_login_with_valid_credentials] [com.stepdefinition.Test_Myaccount_Placingorder.user_login_with_valid_credentials(Test_Myaccount_Placingorder.java:57)] - Clicked on login button
2020-04-12 16:32:55.228 INFO [main] [com.pages.Myaccount_Placingorder] [user_clicks_on_shop] [com.stepdefinition.Test_Myaccount_Placingorder.user_clicks_on_shop(Test_Myaccount_Placingorder.java:71)] - Navigated to the shop
2020-04-12 16:37:33.855 DEBUG [main] [com.pages.Myaccount_Placingorder] [enters_the_home_page] [com.stepdefinition.Test_Myaccount_Placingorder.enters_the_home_page(Test_Myaccount_Placingorder.java:27)] - Entered to home page
2020-04-12 16:37:41.634 INFO [main] [com.pages.Myaccount_Placingorder] [user_login_with_valid_credentials] [com.stepdefinition.Test_Myaccount_Placingorder.user_login_with_valid_credentials(Test_Myaccount_Placingorder.java:43)] - Navigated to the Myaccount
2020-04-12 16:37:45.547 INFO [main] [com.pages.Myaccount_Placingorder] [user_login_with_valid_credentials] [com.stepdefinition.Test_Myaccount_Placingorder.user_login_with_valid_credentials(Test_Myaccount_Placingorder.java:47)] - Entered username and password
2020-04-12 16:37:47.395 ERROR [main] [com.pages.Myaccount_Placingorder] [user_login_with_valid_credentials] [com.stepdefinition.Test_Myaccount_Placingorder.user_login_with_valid_credentials(Test_Myaccount_Placingorder.java:57)] - Clicked on login button
2020-04-12 16:37:49.771 INFO [main] [com.pages.Myaccount_Placingorder] [user_clicks_on_shop] [com.stepdefinition.Test_Myaccount_Placingorder.user_clicks_on_shop(Test_Myaccount_Placingorder.java:71)] - Navigated to the shop
2020-04-12 16:38:52.919 DEBUG [main] [com.pages.Myaccount_Placingorder] [enters_the_home_page] [com.stepdefinition.Test_Myaccount_Placingorder.enters_the_home_page(Test_Myaccount_Placingorder.java:27)] - Entered to home page
2020-04-12 16:38:59.625 INFO [main] [com.pages.Myaccount_Placingorder] [user_login_with_valid_credentials] [com.stepdefinition.Test_Myaccount_Placingorder.user_login_with_valid_credentials(Test_Myaccount_Placingorder.java:43)] - Navigated to the Myaccount
2020-04-12 16:39:01.554 INFO [main] [com.pages.Myaccount_Placingorder] [user_login_with_valid_credentials] [com.stepdefinition.Test_Myaccount_Placingorder.user_login_with_valid_credentials(Test_Myaccount_Placingorder.java:47)] - Entered username and password
2020-04-12 16:39:03.322 ERROR [main] [com.pages.Myaccount_Placingorder] [user_login_with_valid_credentials] [com.stepdefinition.Test_Myaccount_Placingorder.user_login_with_valid_credentials(Test_Myaccount_Placingorder.java:57)] - Clicked on login button
2020-04-12 16:39:05.808 INFO [main] [com.pages.Myaccount_Placingorder] [user_clicks_on_shop] [com.stepdefinition.Test_Myaccount_Placingorder.user_clicks_on_shop(Test_Myaccount_Placingorder.java:71)] - Navigated to the shop
2020-04-12 16:39:08.877 INFO [main] [com.pages.Myaccount_Placingorder] [user_select_an_item_to_basket_and_view_the_product] [com.stepdefinition.Test_Myaccount_Placingorder.user_select_an_item_to_basket_and_view_the_product(Test_Myaccount_Placingorder.java:86)] - Added item to the basket and clicked to view the basket
2020-04-12 16:39:10.497 INFO [main] [com.pages.Myaccount_Placingorder] [clicks_on_proceed] [com.stepdefinition.Test_Myaccount_Placingorder.clicks_on_proceed(Test_Myaccount_Placingorder.java:101)] - Clicked on proceed
2020-04-12 16:39:14.665 INFO [main] [com.pages.Myaccount_Placingorder] [moveon_to_place_order] [com.stepdefinition.Test_Myaccount_Placingorder.moveon_to_place_order(Test_Myaccount_Placingorder.java:115)] - Placed order
2020-04-12 16:51:57.945 DEBUG [main] [com.pages.Myaccount_Placingorder] [enters_the_home_page] [com.stepdefinition.Test_Myaccount_Placingorder.enters_the_home_page(Test_Myaccount_Placingorder.java:28)] - Entered to home page
2020-04-12 16:52:02.437 INFO [main] [com.pages.Myaccount_Placingorder] [user_login_with_valid_credentials] [com.stepdefinition.Test_Myaccount_Placingorder.user_login_with_valid_credentials(Test_Myaccount_Placingorder.java:45)] - Navigated to the Myaccount
2020-04-12 16:52:03.042 INFO [main] [com.pages.Myaccount_Placingorder] [user_login_with_valid_credentials] [com.stepdefinition.Test_Myaccount_Placingorder.user_login_with_valid_credentials(Test_Myaccount_Placingorder.java:49)] - Entered username and password
2020-04-12 16:52:06.977 ERROR [main] [com.pages.Myaccount_Placingorder] [user_login_with_valid_credentials] [com.stepdefinition.Test_Myaccount_Placingorder.user_login_with_valid_credentials(Test_Myaccount_Placingorder.java:59)] - Clicked on login button
2020-04-12 16:52:10.018 INFO [main] [com.pages.Myaccount_Placingorder] [user_clicks_on_shop] [com.stepdefinition.Test_Myaccount_Placingorder.user_clicks_on_shop(Test_Myaccount_Placingorder.java:74)] - Navigated to the shop
2020-04-12 16:52:13.928 INFO [main] [com.pages.Myaccount_Placingorder] [user_select_an_item_to_basket_and_view_the_product] [com.stepdefinition.Test_Myaccount_Placingorder.user_select_an_item_to_basket_and_view_the_product(Test_Myaccount_Placingorder.java:90)] - Added item to the basket and clicked to view the basket
2020-04-12 16:52:17.420 INFO [main] [com.pages.Myaccount_Placingorder] [clicks_on_proceed] [com.stepdefinition.Test_Myaccount_Placingorder.clicks_on_proceed(Test_Myaccount_Placingorder.java:106)] - Clicked on proceed
2020-04-12 16:52:21.864 INFO [main] [com.pages.Myaccount_Placingorder] [moveon_to_place_order] [com.stepdefinition.Test_Myaccount_Placingorder.moveon_to_place_order(Test_Myaccount_Placingorder.java:121)] - Placed order
2020-04-12 17:00:14.443 DEBUG [main] [com.pages.Myaccount_Placingorder] [enters_the_home_page] [com.stepdefinition.Test_Myaccount_Placingorder.enters_the_home_page(Test_Myaccount_Placingorder.java:28)] - Entered to home page
2020-04-12 17:00:21.827 INFO [main] [com.pages.Myaccount_Placingorder] [user_login_with_valid_credentials] [com.stepdefinition.Test_Myaccount_Placingorder.user_login_with_valid_credentials(Test_Myaccount_Placingorder.java:45)] - Navigated to the Myaccount
2020-04-12 17:00:23.422 INFO [main] [com.pages.Myaccount_Placingorder] [user_login_with_valid_credentials] [com.stepdefinition.Test_Myaccount_Placingorder.user_login_with_valid_credentials(Test_Myaccount_Placingorder.java:49)] - Entered username and password
2020-04-12 17:00:25.645 ERROR [main] [com.pages.Myaccount_Placingorder] [user_login_with_valid_credentials] [com.stepdefinition.Test_Myaccount_Placingorder.user_login_with_valid_credentials(Test_Myaccount_Placingorder.java:59)] - Clicked on login button
2020-04-12 17:00:27.345 INFO [main] [com.pages.Myaccount_Placingorder] [user_clicks_on_shop] [com.stepdefinition.Test_Myaccount_Placingorder.user_clicks_on_shop(Test_Myaccount_Placingorder.java:74)] - Navigated to the shop
2020-04-12 17:01:42.272 DEBUG [main] [com.pages.Myaccount_Placingorder] [enters_the_home_page] [com.stepdefinition.Test_Myaccount_Placingorder.enters_the_home_page(Test_Myaccount_Placingorder.java:28)] - Entered to home page
2020-04-12 17:01:49.022 INFO [main] [com.pages.Myaccount_Placingorder] [user_login_with_valid_credentials] [com.stepdefinition.Test_Myaccount_Placingorder.user_login_with_valid_credentials(Test_Myaccount_Placingorder.java:45)] - Navigated to the Myaccount
2020-04-12 17:01:51.537 INFO [main] [com.pages.Myaccount_Placingorder] [user_login_with_valid_credentials] [com.stepdefinition.Test_Myaccount_Placingorder.user_login_with_valid_credentials(Test_Myaccount_Placingorder.java:49)] - Entered username and password
2020-04-12 17:01:53.591 ERROR [main] [com.pages.Myaccount_Placingorder] [user_login_with_valid_credentials] [com.stepdefinition.Test_Myaccount_Placingorder.user_login_with_valid_credentials(Test_Myaccount_Placingorder.java:59)] - Clicked on login button
2020-04-12 17:01:55.587 INFO [main] [com.pages.Myaccount_Placingorder] [user_clicks_on_shop] [com.stepdefinition.Test_Myaccount_Placingorder.user_clicks_on_shop(Test_Myaccount_Placingorder.java:74)] - Navigated to the shop
2020-04-12 17:04:31.475 DEBUG [main] [com.pages.Myaccount_Placingorder] [enters_the_home_page] [com.stepdefinition.Test_Myaccount_Placingorder.enters_the_home_page(Test_Myaccount_Placingorder.java:28)] - Entered to home page
2020-04-12 17:04:35.319 INFO [main] [com.pages.Myaccount_Placingorder] [user_login_with_valid_credentials] [com.stepdefinition.Test_Myaccount_Placingorder.user_login_with_valid_credentials(Test_Myaccount_Placingorder.java:45)] - Navigated to the Myaccount
2020-04-12 17:04:39.324 INFO [main] [com.pages.Myaccount_Placingorder] [user_login_with_valid_credentials] [com.stepdefinition.Test_Myaccount_Placingorder.user_login_with_valid_credentials(Test_Myaccount_Placingorder.java:49)] - Entered username and password
2020-04-12 17:04:42.059 ERROR [main] [com.pages.Myaccount_Placingorder] [user_login_with_valid_credentials] [com.stepdefinition.Test_Myaccount_Placingorder.user_login_with_valid_credentials(Test_Myaccount_Placingorder.java:59)] - Clicked on login button
2020-04-12 17:04:44.470 INFO [main] [com.pages.Myaccount_Placingorder] [user_clicks_on_shop] [com.stepdefinition.Test_Myaccount_Placingorder.user_clicks_on_shop(Test_Myaccount_Placingorder.java:74)] - Navigated to the shop
2020-04-12 17:04:47.681 INFO [main] [com.pages.Myaccount_Placingorder] [user_select_an_item_to_basket_and_view_the_product] [com.stepdefinition.Test_Myaccount_Placingorder.user_select_an_item_to_basket_and_view_the_product(Test_Myaccount_Placingorder.java:90)] - Added item to the basket and clicked to view the basket
2020-04-12 17:04:50.832 INFO [main] [com.pages.Myaccount_Placingorder] [clicks_on_proceed] [com.stepdefinition.Test_Myaccount_Placingorder.clicks_on_proceed(Test_Myaccount_Placingorder.java:106)] - Clicked on proceed
2020-04-12 17:05:33.065 DEBUG [main] [com.pages.Myaccount_Placingorder] [enters_the_home_page] [com.stepdefinition.Test_Myaccount_Placingorder.enters_the_home_page(Test_Myaccount_Placingorder.java:28)] - Entered to home page
2020-04-12 17:05:37.550 INFO [main] [com.pages.Myaccount_Placingorder] [user_login_with_valid_credentials] [com.stepdefinition.Test_Myaccount_Placingorder.user_login_with_valid_credentials(Test_Myaccount_Placingorder.java:45)] - Navigated to the Myaccount
2020-04-12 17:05:41.335 INFO [main] [com.pages.Myaccount_Placingorder] [user_login_with_valid_credentials] [com.stepdefinition.Test_Myaccount_Placingorder.user_login_with_valid_credentials(Test_Myaccount_Placingorder.java:49)] - Entered username and password
2020-04-12 17:05:43.031 ERROR [main] [com.pages.Myaccount_Placingorder] [user_login_with_valid_credentials] [com.stepdefinition.Test_Myaccount_Placingorder.user_login_with_valid_credentials(Test_Myaccount_Placingorder.java:59)] - Clicked on login button
2020-04-12 17:05:44.803 INFO [main] [com.pages.Myaccount_Placingorder] [user_clicks_on_shop] [com.stepdefinition.Test_Myaccount_Placingorder.user_clicks_on_shop(Test_Myaccount_Placingorder.java:74)] - Navigated to the shop
2020-04-12 17:05:48.212 INFO [main] [com.pages.Myaccount_Placingorder] [user_select_an_item_to_basket_and_view_the_product] [com.stepdefinition.Test_Myaccount_Placingorder.user_select_an_item_to_basket_and_view_the_product(Test_Myaccount_Placingorder.java:90)] - Added item to the basket and clicked to view the basket
2020-04-12 17:05:50.864 INFO [main] [com.pages.Myaccount_Placingorder] [clicks_on_proceed] [com.stepdefinition.Test_Myaccount_Placingorder.clicks_on_proceed(Test_Myaccount_Placingorder.java:106)] - Clicked on proceed
2020-04-12 17:05:56.116 INFO [main] [com.pages.Myaccount_Placingorder] [moveon_to_place_order] [com.stepdefinition.Test_Myaccount_Placingorder.moveon_to_place_order(Test_Myaccount_Placingorder.java:121)] - Placed order
2020-04-12 17:13:11.440 DEBUG [main] [com.pages.Myaccount_Placingorder] [enters_the_home_page] [com.stepdefinition.Test_Myaccount_Placingorder.enters_the_home_page(Test_Myaccount_Placingorder.java:28)] - Entered to home page
2020-04-12 17:13:19.502 INFO [main] [com.pages.Myaccount_Placingorder] [user_login_with_valid_credentials] [com.stepdefinition.Test_Myaccount_Placingorder.user_login_with_valid_credentials(Test_Myaccount_Placingorder.java:45)] - Navigated to the Myaccount
2020-04-12 17:13:21.332 INFO [main] [com.pages.Myaccount_Placingorder] [user_login_with_valid_credentials] [com.stepdefinition.Test_Myaccount_Placingorder.user_login_with_valid_credentials(Test_Myaccount_Placingorder.java:49)] - Entered username and password
2020-04-12 17:13:23.014 ERROR [main] [com.pages.Myaccount_Placingorder] [user_login_with_valid_credentials] [com.stepdefinition.Test_Myaccount_Placingorder.user_login_with_valid_credentials(Test_Myaccount_Placingorder.java:59)] - Clicked on login button
2020-04-12 17:13:24.775 INFO [main] [com.pages.Myaccount_Placingorder] [user_clicks_on_shop] [com.stepdefinition.Test_Myaccount_Placingorder.user_clicks_on_shop(Test_Myaccount_Placingorder.java:74)] - Navigated to the shop
2020-04-12 17:13:28.707 INFO [main] [com.pages.Myaccount_Placingorder] [user_select_an_item_to_basket_and_view_the_product] [com.stepdefinition.Test_Myaccount_Placingorder.user_select_an_item_to_basket_and_view_the_product(Test_Myaccount_Placingorder.java:90)] - Added item to the basket and clicked to view the basket
2020-04-12 17:13:30.027 INFO [main] [com.pages.Myaccount_Placingorder] [clicks_on_proceed] [com.stepdefinition.Test_Myaccount_Placingorder.clicks_on_proceed(Test_Myaccount_Placingorder.java:106)] - Clicked on proceed
2020-04-12 17:17:35.372 DEBUG [main] [com.pages.Myaccount_Placingorder] [enters_the_home_page] [com.stepdefinition.Test_Myaccount_Placingorder.enters_the_home_page(Test_Myaccount_Placingorder.java:28)] - Entered to home page
2020-04-12 17:17:41.462 INFO [main] [com.pages.Myaccount_Placingorder] [user_login_with_valid_credentials] [com.stepdefinition.Test_Myaccount_Placingorder.user_login_with_valid_credentials(Test_Myaccount_Placingorder.java:45)] - Navigated to the Myaccount
2020-04-12 17:17:43.035 INFO [main] [com.pages.Myaccount_Placingorder] [user_login_with_valid_credentials] [com.stepdefinition.Test_Myaccount_Placingorder.user_login_with_valid_credentials(Test_Myaccount_Placingorder.java:49)] - Entered username and password
2020-04-12 17:17:45.058 ERROR [main] [com.pages.Myaccount_Placingorder] [user_login_with_valid_credentials] [com.stepdefinition.Test_Myaccount_Placingorder.user_login_with_valid_credentials(Test_Myaccount_Placingorder.java:59)] - Clicked on login button
2020-04-12 17:17:46.927 INFO [main] [com.pages.Myaccount_Placingorder] [user_clicks_on_shop] [com.stepdefinition.Test_Myaccount_Placingorder.user_clicks_on_shop(Test_Myaccount_Placingorder.java:74)] - Navigated to the shop
2020-04-12 17:17:49.484 INFO [main] [com.pages.Myaccount_Placingorder] [user_select_an_item_to_basket_and_view_the_product] [com.stepdefinition.Test_Myaccount_Placingorder.user_select_an_item_to_basket_and_view_the_product(Test_Myaccount_Placingorder.java:90)] - Added item to the basket and clicked to view the basket
2020-04-12 17:17:50.889 INFO [main] [com.pages.Myaccount_Placingorder] [clicks_on_proceed] [com.stepdefinition.Test_Myaccount_Placingorder.clicks_on_proceed(Test_Myaccount_Placingorder.java:106)] - Clicked on proceed
2020-04-12 17:17:55.505 INFO [main] [com.pages.Myaccount_Placingorder] [moveon_to_place_order] [com.stepdefinition.Test_Myaccount_Placingorder.moveon_to_place_order(Test_Myaccount_Placingorder.java:121)] - Placed order
2020-04-12 17:19:14.836 DEBUG [main] [com.pages.Myaccount_Placingorder] [enters_the_home_page] [com.stepdefinition.Test_Myaccount_Placingorder.enters_the_home_page(Test_Myaccount_Placingorder.java:28)] - Entered to home page
2020-04-12 17:19:20.311 INFO [main] [com.pages.Myaccount_Placingorder] [user_login_with_valid_credentials] [com.stepdefinition.Test_Myaccount_Placingorder.user_login_with_valid_credentials(Test_Myaccount_Placingorder.java:45)] - Navigated to the Myaccount
2020-04-12 17:19:23.607 INFO [main] [com.pages.Myaccount_Placingorder] [user_login_with_valid_credentials] [com.stepdefinition.Test_Myaccount_Placingorder.user_login_with_valid_credentials(Test_Myaccount_Placingorder.java:49)] - Entered username and password
2020-04-12 17:19:25.531 ERROR [main] [com.pages.Myaccount_Placingorder] [user_login_with_valid_credentials] [com.stepdefinition.Test_Myaccount_Placingorder.user_login_with_valid_credentials(Test_Myaccount_Placingorder.java:59)] - Clicked on login button
2020-04-12 17:19:27.512 INFO [main] [com.pages.Myaccount_Placingorder] [user_clicks_on_shop] [com.stepdefinition.Test_Myaccount_Placingorder.user_clicks_on_shop(Test_Myaccount_Placingorder.java:74)] - Navigated to the shop
2020-04-12 17:19:31.673 INFO [main] [com.pages.Myaccount_Placingorder] [user_select_an_item_to_basket_and_view_the_product] [com.stepdefinition.Test_Myaccount_Placingorder.user_select_an_item_to_basket_and_view_the_product(Test_Myaccount_Placingorder.java:90)] - Added item to the basket and clicked to view the basket
2020-04-12 17:19:33.102 INFO [main] [com.pages.Myaccount_Placingorder] [clicks_on_proceed] [com.stepdefinition.Test_Myaccount_Placingorder.clicks_on_proceed(Test_Myaccount_Placingorder.java:106)] - Clicked on proceed
2020-04-12 17:21:03.191 DEBUG [main] [com.pages.Myaccount_Placingorder] [enters_the_home_page] [com.stepdefinition.Test_Myaccount_Placingorder.enters_the_home_page(Test_Myaccount_Placingorder.java:28)] - Entered to home page
2020-04-12 17:21:09.851 INFO [main] [com.pages.Myaccount_Placingorder] [user_login_with_valid_credentials] [com.stepdefinition.Test_Myaccount_Placingorder.user_login_with_valid_credentials(Test_Myaccount_Placingorder.java:45)] - Navigated to the Myaccount
2020-04-12 17:21:12.019 INFO [main] [com.pages.Myaccount_Placingorder] [user_login_with_valid_credentials] [com.stepdefinition.Test_Myaccount_Placingorder.user_login_with_valid_credentials(Test_Myaccount_Placingorder.java:49)] - Entered username and password
2020-04-12 17:21:13.750 ERROR [main] [com.pages.Myaccount_Placingorder] [user_login_with_valid_credentials] [com.stepdefinition.Test_Myaccount_Placingorder.user_login_with_valid_credentials(Test_Myaccount_Placingorder.java:59)] - Clicked on login button
2020-04-12 17:21:15.999 INFO [main] [com.pages.Myaccount_Placingorder] [user_clicks_on_shop] [com.stepdefinition.Test_Myaccount_Placingorder.user_clicks_on_shop(Test_Myaccount_Placingorder.java:74)] - Navigated to the shop
2020-04-12 17:21:19.756 INFO [main] [com.pages.Myaccount_Placingorder] [user_select_an_item_to_basket_and_view_the_product] [com.stepdefinition.Test_Myaccount_Placingorder.user_select_an_item_to_basket_and_view_the_product(Test_Myaccount_Placingorder.java:90)] - Added item to the basket and clicked to view the basket
2020-04-12 17:21:21.369 INFO [main] [com.pages.Myaccount_Placingorder] [clicks_on_proceed] [com.stepdefinition.Test_Myaccount_Placingorder.clicks_on_proceed(Test_Myaccount_Placingorder.java:106)] - Clicked on proceed
2020-04-12 17:23:18.357 DEBUG [main] [com.pages.Myaccount_Placingorder] [enters_the_home_page] [com.stepdefinition.Test_Myaccount_Placingorder.enters_the_home_page(Test_Myaccount_Placingorder.java:28)] - Entered to home page
2020-04-12 17:23:24.077 INFO [main] [com.pages.Myaccount_Placingorder] [user_login_with_valid_credentials] [com.stepdefinition.Test_Myaccount_Placingorder.user_login_with_valid_credentials(Test_Myaccount_Placingorder.java:45)] - Navigated to the Myaccount
2020-04-12 17:23:27.729 INFO [main] [com.pages.Myaccount_Placingorder] [user_login_with_valid_credentials] [com.stepdefinition.Test_Myaccount_Placingorder.user_login_with_valid_credentials(Test_Myaccount_Placingorder.java:49)] - Entered username and password
2020-04-12 17:23:29.722 ERROR [main] [com.pages.Myaccount_Placingorder] [user_login_with_valid_credentials] [com.stepdefinition.Test_Myaccount_Placingorder.user_login_with_valid_credentials(Test_Myaccount_Placingorder.java:59)] - Clicked on login button
2020-04-12 17:23:31.730 INFO [main] [com.pages.Myaccount_Placingorder] [user_clicks_on_shop] [com.stepdefinition.Test_Myaccount_Placingorder.user_clicks_on_shop(Test_Myaccount_Placingorder.java:74)] - Navigated to the shop
2020-04-12 17:23:38.068 INFO [main] [com.pages.Myaccount_Placingorder] [user_select_an_item_to_basket_and_view_the_product] [com.stepdefinition.Test_Myaccount_Placingorder.user_select_an_item_to_basket_and_view_the_product(Test_Myaccount_Placingorder.java:90)] - Added item to the basket and clicked to view the basket
2020-04-12 17:23:39.632 INFO [main] [com.pages.Myaccount_Placingorder] [clicks_on_proceed] [com.stepdefinition.Test_Myaccount_Placingorder.clicks_on_proceed(Test_Myaccount_Placingorder.java:106)] - Clicked on proceed
2020-04-12 17:27:43.187 DEBUG [main] [com.pages.Myaccount_Placingorder] [enters_the_home_page] [com.stepdefinition.Test_Myaccount_Placingorder.enters_the_home_page(Test_Myaccount_Placingorder.java:28)] - Entered to home page
2020-04-12 17:27:49.028 INFO [main] [com.pages.Myaccount_Placingorder] [user_login_with_valid_credentials] [com.stepdefinition.Test_Myaccount_Placingorder.user_login_with_valid_credentials(Test_Myaccount_Placingorder.java:45)] - Navigated to the Myaccount
2020-04-12 17:27:51.323 INFO [main] [com.pages.Myaccount_Placingorder] [user_login_with_valid_credentials] [com.stepdefinition.Test_Myaccount_Placingorder.user_login_with_valid_credentials(Test_Myaccount_Placingorder.java:49)] - Entered username and password
2020-04-12 17:27:53.098 ERROR [main] [com.pages.Myaccount_Placingorder] [user_login_with_valid_credentials] [com.stepdefinition.Test_Myaccount_Placingorder.user_login_with_valid_credentials(Test_Myaccount_Placingorder.java:59)] - Clicked on login button
2020-04-12 17:27:55.789 INFO [main] [com.pages.Myaccount_Placingorder] [user_clicks_on_shop] [com.stepdefinition.Test_Myaccount_Placingorder.user_clicks_on_shop(Test_Myaccount_Placingorder.java:74)] - Navigated to the shop
2020-04-12 17:27:58.665 INFO [main] [com.pages.Myaccount_Placingorder] [user_select_an_item_to_basket_and_view_the_product] [com.stepdefinition.Test_Myaccount_Placingorder.user_select_an_item_to_basket_and_view_the_product(Test_Myaccount_Placingorder.java:90)] - Added item to the basket and clicked to view the basket
2020-04-12 17:28:02.557 INFO [main] [com.pages.Myaccount_Placingorder] [clicks_on_proceed] [com.stepdefinition.Test_Myaccount_Placingorder.clicks_on_proceed(Test_Myaccount_Placingorder.java:106)] - Clicked on proceed
2020-04-12 17:29:03.199 DEBUG [main] [com.pages.Myaccount_Placingorder] [enters_the_home_page] [com.stepdefinition.Test_Myaccount_Placingorder.enters_the_home_page(Test_Myaccount_Placingorder.java:28)] - Entered to home page
2020-04-12 17:29:11.419 INFO [main] [com.pages.Myaccount_Placingorder] [user_login_with_valid_credentials] [com.stepdefinition.Test_Myaccount_Placingorder.user_login_with_valid_credentials(Test_Myaccount_Placingorder.java:45)] - Navigated to the Myaccount
2020-04-12 17:29:13.297 INFO [main] [com.pages.Myaccount_Placingorder] [user_login_with_valid_credentials] [com.stepdefinition.Test_Myaccount_Placingorder.user_login_with_valid_credentials(Test_Myaccount_Placingorder.java:49)] - Entered username and password
2020-04-12 17:29:15.061 ERROR [main] [com.pages.Myaccount_Placingorder] [user_login_with_valid_credentials] [com.stepdefinition.Test_Myaccount_Placingorder.user_login_with_valid_credentials(Test_Myaccount_Placingorder.java:59)] - Clicked on login button
2020-04-12 17:29:17.135 INFO [main] [com.pages.Myaccount_Placingorder] [user_clicks_on_shop] [com.stepdefinition.Test_Myaccount_Placingorder.user_clicks_on_shop(Test_Myaccount_Placingorder.java:74)] - Navigated to the shop
2020-04-12 17:29:20.132 INFO [main] [com.pages.Myaccount_Placingorder] [user_select_an_item_to_basket_and_view_the_product] [com.stepdefinition.Test_Myaccount_Placingorder.user_select_an_item_to_basket_and_view_the_product(Test_Myaccount_Placingorder.java:90)] - Added item to the basket and clicked to view the basket
2020-04-12 17:29:22.181 INFO [main] [com.pages.Myaccount_Placingorder] [clicks_on_proceed] [com.stepdefinition.Test_Myaccount_Placingorder.clicks_on_proceed(Test_Myaccount_Placingorder.java:106)] - Clicked on proceed
2020-04-12 17:29:26.110 INFO [main] [com.pages.Myaccount_Placingorder] [moveon_to_place_order] [com.stepdefinition.Test_Myaccount_Placingorder.moveon_to_place_order(Test_Myaccount_Placingorder.java:121)] - Placed order
2020-04-12 18:10:20.105 DEBUG [main] [com.stepdefinition.Test_Myaccount_Login] [user_on_homepage] [com.stepdefinition.Test_Myaccount_Login.user_on_homepage(Test_Myaccount_Login.java:30)] - Navigated to the specified url
2020-04-12 18:10:21.582 INFO [main] [com.stepdefinition.Test_Myaccount_Login] [user_on_login_page] [com.stepdefinition.Test_Myaccount_Login.user_on_login_page(Test_Myaccount_Login.java:48)] - Navigated to the Myaccount
2020-04-12 18:10:27.595 INFO [main] [com.stepdefinition.Test_Myaccount_Login] [user_enters_username_and_password] [com.stepdefinition.Test_Myaccount_Login.user_enters_username_and_password(Test_Myaccount_Login.java:59)] - Entered username and password
2020-04-12 18:10:30.614 ERROR [main] [com.stepdefinition.Test_Myaccount_Login] [user_clicks_login_button] [com.stepdefinition.Test_Myaccount_Login.user_clicks_login_button(Test_Myaccount_Login.java:66)] - Clicked on login button
2020-04-12 18:10:31.617 INFO [main] [com.stepdefinition.Test_Myaccount_Login] [user_lands_on_homepage] [com.stepdefinition.Test_Myaccount_Login.user_lands_on_homepage(Test_Myaccount_Login.java:73)] - Login sucessfull
2020-04-12 18:10:55.663 DEBUG [main] [com.stepdefinition.Test_Myaccount_accountdetails] [user_on_homepage1] [com.stepdefinition.Test_Myaccount_accountdetails.user_on_homepage1(Test_Myaccount_accountdetails.java:30)] - Navigated to the specified url
2020-04-12 18:10:56.878 INFO [main] [com.stepdefinition.Test_Myaccount_accountdetails] [user_on_login_page1] [com.stepdefinition.Test_Myaccount_accountdetails.user_on_login_page1(Test_Myaccount_accountdetails.java:48)] - Navigated to the Myaccount
2020-04-12 18:10:58.125 INFO [main] [com.stepdefinition.Test_Myaccount_accountdetails] [user_clicks_login_button1] [com.stepdefinition.Test_Myaccount_accountdetails.user_clicks_login_button1(Test_Myaccount_accountdetails.java:57)] - Entered username and password
2020-04-12 18:11:01.056 ERROR [main] [com.stepdefinition.Test_Myaccount_accountdetails] [user_clicks_on_Accountdetails1] [com.stepdefinition.Test_Myaccount_accountdetails.user_clicks_on_Accountdetails1(Test_Myaccount_accountdetails.java:72)] - Navigating to your account
2020-04-12 18:11:06.965 INFO [main] [com.stepdefinition.Test_Myaccount_accountdetails] [user_enters_and_and] [com.stepdefinition.Test_Myaccount_accountdetails.user_enters_and_and(Test_Myaccount_accountdetails.java:80)] - Entered new password
2020-04-12 18:11:06.970 INFO [main] [com.stepdefinition.Test_Myaccount_accountdetails] [user_lands_on_password_changed_successfully] [com.stepdefinition.Test_Myaccount_accountdetails.user_lands_on_password_changed_successfully(Test_Myaccount_accountdetails.java:86)] - Password changed successfully
2020-04-12 18:11:26.098 DEBUG [main] [com.stepdefinition.Test_BillingAddress] [user_on_home_page1] [com.stepdefinition.Test_BillingAddress.user_on_home_page1(Test_BillingAddress.java:30)] - navigating to the url
2020-04-12 18:11:28.086 INFO [main] [com.stepdefinition.Test_BillingAddress] [user_enters_to_login_page] [com.stepdefinition.Test_BillingAddress.user_enters_to_login_page(Test_BillingAddress.java:47)] - Navigating to myaccount
2020-04-12 18:11:33.219 INFO [main] [com.stepdefinition.Test_BillingAddress] [user_enters_details_and_clicks_login_button] [com.stepdefinition.Test_BillingAddress.user_enters_details_and_clicks_login_button(Test_BillingAddress.java:57)] - entered username and password
2020-04-12 18:11:38.593 INFO [main] [com.stepdefinition.Test_BillingAddress] [user_click_on_edit_option] [com.stepdefinition.Test_BillingAddress.user_click_on_edit_option(Test_BillingAddress.java:79)] - clicked on edit billing address
2020-04-12 18:11:45.608 INFO [main] [com.stepdefinition.Test_BillingAddress] [start_entering_details] [com.stepdefinition.Test_BillingAddress.start_entering_details(Test_BillingAddress.java:86)] - edited the billing address
2020-04-12 18:11:47.731 INFO [main] [com.stepdefinition.Test_BillingAddress] [click_on_savechanges] [com.stepdefinition.Test_BillingAddress.click_on_savechanges(Test_BillingAddress.java:93)] - clicked on save changes
2020-04-12 18:12:04.946 DEBUG [main] [com.stepdefinition.Test_Addtobasket] [user_on_homepage2] [com.stepdefinition.Test_Addtobasket.user_on_homepage2(Test_Addtobasket.java:30)] - Navigated to the specified url
2020-04-12 18:12:06.524 INFO [main] [com.stepdefinition.Test_Addtobasket] [user_searches_the_product] [com.stepdefinition.Test_Addtobasket.user_searches_the_product(Test_Addtobasket.java:47)] - searched the product
2020-04-12 18:12:07.860 INFO [main] [com.stepdefinition.Test_Addtobasket] [user_select_the_product] [com.stepdefinition.Test_Addtobasket.user_select_the_product(Test_Addtobasket.java:63)] - selected the type of the product
2020-04-12 18:12:08.330 INFO [main] [com.stepdefinition.Test_Addtobasket] [user_select_the_filter] [com.stepdefinition.Test_Addtobasket.user_select_the_filter(Test_Addtobasket.java:78)] - Added filter
2020-04-12 18:12:08.436 INFO [main] [com.stepdefinition.Test_Addtobasket] [user_click_the_product] [com.stepdefinition.Test_Addtobasket.user_click_the_product(Test_Addtobasket.java:84)] - selected the final product
2020-04-12 18:12:13.076 INFO [main] [com.stepdefinition.Test_Addtobasket] [user_add_to_basket] [com.stepdefinition.Test_Addtobasket.user_add_to_basket(Test_Addtobasket.java:91)] - Added to the basket
2020-04-12 18:12:15.602 INFO [main] [com.stepdefinition.Test_Addtobasket] [user_lands_on_basketpage] [com.stepdefinition.Test_Addtobasket.user_lands_on_basketpage(Test_Addtobasket.java:106)] - Landed on the basket page
2020-04-12 18:12:34.926 DEBUG [main] [com.stepdefinition.Test_Demosite_Download] [user_on_homepage3] [com.stepdefinition.Test_Demosite_Download.user_on_homepage3(Test_Demosite_Download.java:30)] - Navigated to the specified url
2020-04-12 18:12:34.946 INFO [main] [com.stepdefinition.Test_Demosite_Download] [userclicks_on_Demosite] [com.stepdefinition.Test_Demosite_Download.userclicks_on_Demosite(Test_Demosite_Download.java:47)] - Clicking on Demosite
2020-04-12 18:12:41.177 INFO [main] [com.stepdefinition.Test_Demosite_Download] [user_clicks_on_Download_file] [com.stepdefinition.Test_Demosite_Download.user_clicks_on_Download_file(Test_Demosite_Download.java:64)] - Clicking on download file
2020-04-12 18:12:49.350 INFO [main] [com.stepdefinition.Test_Demosite_Download] [user_enters_the_data] [com.stepdefinition.Test_Demosite_Download.user_enters_the_data(Test_Demosite_Download.java:80)] - Entering the data
2020-04-12 18:12:54.038 INFO [main] [com.stepdefinition.Test_Demosite_Download] [user_generates_the_file] [com.stepdefinition.Test_Demosite_Download.user_generates_the_file(Test_Demosite_Download.java:87)] - Generating the file
2020-04-12 18:12:54.268 INFO [main] [com.stepdefinition.Test_Demosite_Download] [user_downloads_the_file] [com.stepdefinition.Test_Demosite_Download.user_downloads_the_file(Test_Demosite_Download.java:94)] - Downloading the file
2020-04-12 18:12:54.555 INFO [main] [com.stepdefinition.Test_Demosite_Download] [file_is_downloaded] [com.stepdefinition.Test_Demosite_Download.file_is_downloaded(Test_Demosite_Download.java:101)] - File is downloaded
2020-04-12 18:13:16.636 DEBUG [main] [com.pages.Myaccount_Placingorder] [enters_the_home_page] [com.stepdefinition.Test_Myaccount_Placingorder.enters_the_home_page(Test_Myaccount_Placingorder.java:28)] - Entered to home page
2020-04-12 18:13:21.023 INFO [main] [com.pages.Myaccount_Placingorder] [user_login_with_valid_credentials] [com.stepdefinition.Test_Myaccount_Placingorder.user_login_with_valid_credentials(Test_Myaccount_Placingorder.java:45)] - Navigated to the Myaccount
2020-04-12 18:13:22.765 INFO [main] [com.pages.Myaccount_Placingorder] [user_login_with_valid_credentials] [com.stepdefinition.Test_Myaccount_Placingorder.user_login_with_valid_credentials(Test_Myaccount_Placingorder.java:49)] - Entered username and password
2020-04-12 18:13:26.386 ERROR [main] [com.pages.Myaccount_Placingorder] [user_login_with_valid_credentials] [com.stepdefinition.Test_Myaccount_Placingorder.user_login_with_valid_credentials(Test_Myaccount_Placingorder.java:59)] - Clicked on login button
2020-04-12 18:13:29.743 INFO [main] [com.pages.Myaccount_Placingorder] [user_clicks_on_shop] [com.stepdefinition.Test_Myaccount_Placingorder.user_clicks_on_shop(Test_Myaccount_Placingorder.java:74)] - Navigated to the shop
2020-04-12 18:13:36.614 INFO [main] [com.pages.Myaccount_Placingorder] [user_select_an_item_to_basket_and_view_the_product] [com.stepdefinition.Test_Myaccount_Placingorder.user_select_an_item_to_basket_and_view_the_product(Test_Myaccount_Placingorder.java:90)] - Added item to the basket and clicked to view the basket
2020-04-12 18:13:38.594 INFO [main] [com.pages.Myaccount_Placingorder] [clicks_on_proceed] [com.stepdefinition.Test_Myaccount_Placingorder.clicks_on_proceed(Test_Myaccount_Placingorder.java:106)] - Clicked on proceed
2020-04-12 18:13:43.299 INFO [main] [com.pages.Myaccount_Placingorder] [moveon_to_place_order] [com.stepdefinition.Test_Myaccount_Placingorder.moveon_to_place_order(Test_Myaccount_Placingorder.java:121)] - Placed order
2020-04-12 18:14:08.375 DEBUG [main] [com.pages.Myaccount_Placingorder] [user_on_home_page6] [com.stepdefinition.Test_Myaccount_Deletecartitem.user_on_home_page6(Test_Myaccount_Deletecartitem.java:28)] - Entered to home page
2020-04-12 18:15:21.856 DEBUG [main] [com.stepdefinition.Test_Myaccount_accountdetails] [user_on_homepage4] [com.stepdefinition.Test_My_Youtube.user_on_homepage4(Test_My_Youtube.java:30)] - Navigated to the specified url
2020-04-12 18:15:25.648 INFO [main] [com.stepdefinition.Test_Myaccount_accountdetails] [user_clicks_on_Demosite] [com.stepdefinition.Test_My_Youtube.user_clicks_on_Demosite(Test_My_Youtube.java:47)] - Navigated to the demosite
2020-04-12 18:17:39.969 DEBUG [main] [com.pages.Myaccount_Placingorder] [user_on_home_page6] [com.stepdefinition.Test_Myaccount_Deletecartitem.user_on_home_page6(Test_Myaccount_Deletecartitem.java:28)] - Entered to home page
2020-04-12 18:19:35.483 DEBUG [main] [com.pages.Myaccount_Placingorder] [user_on_home_page6] [com.stepdefinition.Test_Myaccount_Deletecartitem.user_on_home_page6(Test_Myaccount_Deletecartitem.java:28)] - Entered to home page
2020-04-12 18:21:26.550 DEBUG [main] [com.pages.Myaccount_Placingorder] [user_on_home_page6] [com.stepdefinition.Test_Myaccount_Deletecartitem.user_on_home_page6(Test_Myaccount_Deletecartitem.java:28)] - Entered to home page
2020-04-12 18:22:03.753 DEBUG [main] [com.pages.Myaccount_Placingorder] [user_on_home_page6] [com.stepdefinition.Test_Myaccount_Deletecartitem.user_on_home_page6(Test_Myaccount_Deletecartitem.java:28)] - Entered to home page
2020-04-12 18:22:51.480 DEBUG [main] [com.pages.Myaccount_Placingorder] [user_on_home_page6] [com.stepdefinition.Test_Myaccount_Deletecartitem.user_on_home_page6(Test_Myaccount_Deletecartitem.java:28)] - Entered to home page
2020-04-12 18:22:57.944 ERROR [main] [com.pages.Myaccount_Placingorder] [select_the_shop_for_a_product_and_add_to_cart] [com.stepdefinition.Test_Myaccount_Deletecartitem.select_the_shop_for_a_product_and_add_to_cart(Test_Myaccount_Deletecartitem.java:53)] - Users logged with valid credentials
2020-04-12 18:23:02.512 ERROR [main] [com.pages.Myaccount_Placingorder] [clicks_on_view_basket] [com.stepdefinition.Test_Myaccount_Deletecartitem.clicks_on_view_basket(Test_Myaccount_Deletecartitem.java:68)] - Clicks on view basket
2020-04-12 18:23:05.790 ERROR [main] [com.pages.Myaccount_Placingorder] [delete_the_unwanted_item] [com.stepdefinition.Test_Myaccount_Deletecartitem.delete_the_unwanted_item(Test_Myaccount_Deletecartitem.java:77)] - Unwanted product is removed
2020-04-12 18:23:05.794 INFO [main] [com.pages.Myaccount_Placingorder] [deleted_message_appear_on_screen] [com.stepdefinition.Test_Myaccount_Deletecartitem.deleted_message_appear_on_screen(Test_Myaccount_Deletecartitem.java:83)] - Deleted message appears on screen
2020-04-12 18:24:44.753 DEBUG [main] [com.pages.Myaccount_Placingorder] [user_on_home_page6] [com.stepdefinition.Test_Myaccount_Deletecartitem.user_on_home_page6(Test_Myaccount_Deletecartitem.java:28)] - Entered to home page
2020-04-12 18:24:51.377 ERROR [main] [com.pages.Myaccount_Placingorder] [select_the_shop_for_a_product_and_add_to_cart] [com.stepdefinition.Test_Myaccount_Deletecartitem.select_the_shop_for_a_product_and_add_to_cart(Test_Myaccount_Deletecartitem.java:53)] - Users logged with valid credentials
2020-04-12 18:24:55.711 ERROR [main] [com.pages.Myaccount_Placingorder] [clicks_on_view_basket] [com.stepdefinition.Test_Myaccount_Deletecartitem.clicks_on_view_basket(Test_Myaccount_Deletecartitem.java:68)] - Clicks on view basket
2020-04-12 18:25:11.186 ERROR [main] [com.pages.Myaccount_Placingorder] [delete_the_unwanted_item] [com.stepdefinition.Test_Myaccount_Deletecartitem.delete_the_unwanted_item(Test_Myaccount_Deletecartitem.java:77)] - Unwanted product is removed
2020-04-12 18:25:11.189 INFO [main] [com.pages.Myaccount_Placingorder] [deleted_message_appear_on_screen] [com.stepdefinition.Test_Myaccount_Deletecartitem.deleted_message_appear_on_screen(Test_Myaccount_Deletecartitem.java:83)] - Deleted message appears on screen
2020-04-12 18:25:48.590 DEBUG [main] [com.stepdefinition.Test_Myaccount_accountdetails] [user_on_homepage4] [com.stepdefinition.Test_My_Youtube.user_on_homepage4(Test_My_Youtube.java:30)] - Navigated to the specified url
2020-04-12 18:25:49.790 INFO [main] [com.stepdefinition.Test_Myaccount_accountdetails] [user_clicks_on_Demosite] [com.stepdefinition.Test_My_Youtube.user_clicks_on_Demosite(Test_My_Youtube.java:47)] - Navigated to the demosite
2020-04-12 18:26:09.669 INFO [main] [com.stepdefinition.Test_Myaccount_accountdetails] [user_clicks_on_vimeo_button] [com.stepdefinition.Test_My_Youtube.user_clicks_on_vimeo_button(Test_My_Youtube.java:62)] - Clicked on vimeo
2020-04-12 18:26:11.911 INFO [main] [com.stepdefinition.Test_Myaccount_accountdetails] [video_is_played] [com.stepdefinition.Test_My_Youtube.video_is_played(Test_My_Youtube.java:77)] - Clicked on play
2020-04-12 18:26:49.071 DEBUG [main] [com.stepdefinition.Test_Myaccount_Login] [user_on_homepage] [com.stepdefinition.Test_Myaccount_Login.user_on_homepage(Test_Myaccount_Login.java:30)] - Navigated to the specified url
2020-04-12 18:26:51.656 INFO [main] [com.stepdefinition.Test_Myaccount_Login] [user_on_login_page] [com.stepdefinition.Test_Myaccount_Login.user_on_login_page(Test_Myaccount_Login.java:48)] - Navigated to the Myaccount
2020-04-12 18:26:53.516 INFO [main] [com.stepdefinition.Test_Myaccount_Login] [user_enters_username_and_password] [com.stepdefinition.Test_Myaccount_Login.user_enters_username_and_password(Test_Myaccount_Login.java:59)] - Entered username and password
2020-04-12 18:26:58.593 ERROR [main] [com.stepdefinition.Test_Myaccount_Login] [user_clicks_login_button] [com.stepdefinition.Test_Myaccount_Login.user_clicks_login_button(Test_Myaccount_Login.java:66)] - Clicked on login button
2020-04-12 18:26:59.595 INFO [main] [com.stepdefinition.Test_Myaccount_Login] [user_lands_on_homepage] [com.stepdefinition.Test_Myaccount_Login.user_lands_on_homepage(Test_Myaccount_Login.java:73)] - Login sucessfull
2020-04-12 18:27:19.898 DEBUG [main] [com.stepdefinition.Test_Myaccount_accountdetails] [user_on_homepage1] [com.stepdefinition.Test_Myaccount_accountdetails.user_on_homepage1(Test_Myaccount_accountdetails.java:30)] - Navigated to the specified url
2020-04-12 18:27:21.760 INFO [main] [com.stepdefinition.Test_Myaccount_accountdetails] [user_on_login_page1] [com.stepdefinition.Test_Myaccount_accountdetails.user_on_login_page1(Test_Myaccount_accountdetails.java:48)] - Navigated to the Myaccount
2020-04-12 18:27:27.830 INFO [main] [com.stepdefinition.Test_Myaccount_accountdetails] [user_clicks_login_button1] [com.stepdefinition.Test_Myaccount_accountdetails.user_clicks_login_button1(Test_Myaccount_accountdetails.java:57)] - Entered username and password
2020-04-12 18:27:31.498 ERROR [main] [com.stepdefinition.Test_Myaccount_accountdetails] [user_clicks_on_Accountdetails1] [com.stepdefinition.Test_Myaccount_accountdetails.user_clicks_on_Accountdetails1(Test_Myaccount_accountdetails.java:72)] - Navigating to your account
2020-04-12 18:27:39.925 INFO [main] [com.stepdefinition.Test_Myaccount_accountdetails] [user_enters_and_and] [com.stepdefinition.Test_Myaccount_accountdetails.user_enters_and_and(Test_Myaccount_accountdetails.java:80)] - Entered new password
2020-04-12 18:27:39.928 INFO [main] [com.stepdefinition.Test_Myaccount_accountdetails] [user_lands_on_password_changed_successfully] [com.stepdefinition.Test_Myaccount_accountdetails.user_lands_on_password_changed_successfully(Test_Myaccount_accountdetails.java:86)] - Password changed successfully
2020-04-12 18:28:03.907 DEBUG [main] [com.stepdefinition.Test_BillingAddress] [user_on_home_page1] [com.stepdefinition.Test_BillingAddress.user_on_home_page1(Test_BillingAddress.java:30)] - navigating to the url
2020-04-12 18:28:05.052 INFO [main] [com.stepdefinition.Test_BillingAddress] [user_enters_to_login_page] [com.stepdefinition.Test_BillingAddress.user_enters_to_login_page(Test_BillingAddress.java:47)] - Navigating to myaccount
2020-04-12 18:28:10.609 INFO [main] [com.stepdefinition.Test_BillingAddress] [user_enters_details_and_clicks_login_button] [com.stepdefinition.Test_BillingAddress.user_enters_details_and_clicks_login_button(Test_BillingAddress.java:57)] - entered username and password
2020-04-12 18:28:14.950 INFO [main] [com.stepdefinition.Test_BillingAddress] [user_click_on_edit_option] [com.stepdefinition.Test_BillingAddress.user_click_on_edit_option(Test_BillingAddress.java:79)] - clicked on edit billing address
2020-04-12 18:28:19.296 INFO [main] [com.stepdefinition.Test_BillingAddress] [start_entering_details] [com.stepdefinition.Test_BillingAddress.start_entering_details(Test_BillingAddress.java:86)] - edited the billing address
2020-04-12 18:28:21.767 INFO [main] [com.stepdefinition.Test_BillingAddress] [click_on_savechanges] [com.stepdefinition.Test_BillingAddress.click_on_savechanges(Test_BillingAddress.java:93)] - clicked on save changes
2020-04-12 18:28:44.201 DEBUG [main] [com.stepdefinition.Test_Addtobasket] [user_on_homepage2] [com.stepdefinition.Test_Addtobasket.user_on_homepage2(Test_Addtobasket.java:30)] - Navigated to the specified url
2020-04-12 18:28:45.489 INFO [main] [com.stepdefinition.Test_Addtobasket] [user_searches_the_product] [com.stepdefinition.Test_Addtobasket.user_searches_the_product(Test_Addtobasket.java:47)] - searched the product
2020-04-12 18:28:48.232 INFO [main] [com.stepdefinition.Test_Addtobasket] [user_select_the_product] [com.stepdefinition.Test_Addtobasket.user_select_the_product(Test_Addtobasket.java:63)] - selected the type of the product
2020-04-12 18:28:48.635 INFO [main] [com.stepdefinition.Test_Addtobasket] [user_select_the_filter] [com.stepdefinition.Test_Addtobasket.user_select_the_filter(Test_Addtobasket.java:78)] - Added filter
2020-04-12 18:28:48.701 INFO [main] [com.stepdefinition.Test_Addtobasket] [user_click_the_product] [com.stepdefinition.Test_Addtobasket.user_click_the_product(Test_Addtobasket.java:84)] - selected the final product
2020-04-12 18:28:54.277 INFO [main] [com.stepdefinition.Test_Addtobasket] [user_add_to_basket] [com.stepdefinition.Test_Addtobasket.user_add_to_basket(Test_Addtobasket.java:91)] - Added to the basket
2020-04-12 18:28:56.540 INFO [main] [com.stepdefinition.Test_Addtobasket] [user_lands_on_basketpage] [com.stepdefinition.Test_Addtobasket.user_lands_on_basketpage(Test_Addtobasket.java:106)] - Landed on the basket page
2020-04-12 18:29:12.752 DEBUG [main] [com.stepdefinition.Test_Demosite_Download] [user_on_homepage3] [com.stepdefinition.Test_Demosite_Download.user_on_homepage3(Test_Demosite_Download.java:30)] - Navigated to the specified url
2020-04-12 18:29:12.780 INFO [main] [com.stepdefinition.Test_Demosite_Download] [userclicks_on_Demosite] [com.stepdefinition.Test_Demosite_Download.userclicks_on_Demosite(Test_Demosite_Download.java:47)] - Clicking on Demosite
2020-04-12 18:29:16.442 INFO [main] [com.stepdefinition.Test_Demosite_Download] [user_clicks_on_Download_file] [com.stepdefinition.Test_Demosite_Download.user_clicks_on_Download_file(Test_Demosite_Download.java:64)] - Clicking on download file
2020-04-12 18:29:24.034 INFO [main] [com.stepdefinition.Test_Demosite_Download] [user_enters_the_data] [com.stepdefinition.Test_Demosite_Download.user_enters_the_data(Test_Demosite_Download.java:80)] - Entering the data
2020-04-12 18:29:27.393 INFO [main] [com.stepdefinition.Test_Demosite_Download] [user_generates_the_file] [com.stepdefinition.Test_Demosite_Download.user_generates_the_file(Test_Demosite_Download.java:87)] - Generating the file
2020-04-12 18:29:27.505 INFO [main] [com.stepdefinition.Test_Demosite_Download] [user_downloads_the_file] [com.stepdefinition.Test_Demosite_Download.user_downloads_the_file(Test_Demosite_Download.java:94)] - Downloading the file
2020-04-12 18:29:27.605 INFO [main] [com.stepdefinition.Test_Demosite_Download] [file_is_downloaded] [com.stepdefinition.Test_Demosite_Download.file_is_downloaded(Test_Demosite_Download.java:101)] - File is downloaded
2020-04-12 18:29:42.931 DEBUG [main] [com.pages.Myaccount_Placingorder] [enters_the_home_page] [com.stepdefinition.Test_Myaccount_Placingorder.enters_the_home_page(Test_Myaccount_Placingorder.java:28)] - Entered to home page
2020-04-12 18:29:47.018 INFO [main] [com.pages.Myaccount_Placingorder] [user_login_with_valid_credentials] [com.stepdefinition.Test_Myaccount_Placingorder.user_login_with_valid_credentials(Test_Myaccount_Placingorder.java:45)] - Navigated to the Myaccount
2020-04-12 18:29:48.576 INFO [main] [com.pages.Myaccount_Placingorder] [user_login_with_valid_credentials] [com.stepdefinition.Test_Myaccount_Placingorder.user_login_with_valid_credentials(Test_Myaccount_Placingorder.java:49)] - Entered username and password
2020-04-12 18:29:51.498 ERROR [main] [com.pages.Myaccount_Placingorder] [user_login_with_valid_credentials] [com.stepdefinition.Test_Myaccount_Placingorder.user_login_with_valid_credentials(Test_Myaccount_Placingorder.java:59)] - Clicked on login button
2020-04-12 18:29:53.832 INFO [main] [com.pages.Myaccount_Placingorder] [user_clicks_on_shop] [com.stepdefinition.Test_Myaccount_Placingorder.user_clicks_on_shop(Test_Myaccount_Placingorder.java:74)] - Navigated to the shop
2020-04-12 18:29:59.501 INFO [main] [com.pages.Myaccount_Placingorder] [user_select_an_item_to_basket_and_view_the_product] [com.stepdefinition.Test_Myaccount_Placingorder.user_select_an_item_to_basket_and_view_the_product(Test_Myaccount_Placingorder.java:90)] - Added item to the basket and clicked to view the basket
2020-04-12 18:30:02.515 INFO [main] [com.pages.Myaccount_Placingorder] [clicks_on_proceed] [com.stepdefinition.Test_Myaccount_Placingorder.clicks_on_proceed(Test_Myaccount_Placingorder.java:106)] - Clicked on proceed
2020-04-12 18:30:21.383 INFO [main] [com.pages.Myaccount_Placingorder] [moveon_to_place_order] [com.stepdefinition.Test_Myaccount_Placingorder.moveon_to_place_order(Test_Myaccount_Placingorder.java:121)] - Placed order
2020-04-12 18:30:40.734 DEBUG [main] [com.pages.Myaccount_Placingorder] [user_on_home_page6] [com.stepdefinition.Test_Myaccount_Deletecartitem.user_on_home_page6(Test_Myaccount_Deletecartitem.java:28)] - Entered to home page
2020-04-12 18:30:59.506 ERROR [main] [com.pages.Myaccount_Placingorder] [select_the_shop_for_a_product_and_add_to_cart] [com.stepdefinition.Test_Myaccount_Deletecartitem.select_the_shop_for_a_product_and_add_to_cart(Test_Myaccount_Deletecartitem.java:53)] - Users logged with valid credentials
2020-04-12 18:31:03.940 ERROR [main] [com.pages.Myaccount_Placingorder] [clicks_on_view_basket] [com.stepdefinition.Test_Myaccount_Deletecartitem.clicks_on_view_basket(Test_Myaccount_Deletecartitem.java:68)] - Clicks on view basket
2020-04-12 18:31:06.942 ERROR [main] [com.pages.Myaccount_Placingorder] [delete_the_unwanted_item] [com.stepdefinition.Test_Myaccount_Deletecartitem.delete_the_unwanted_item(Test_Myaccount_Deletecartitem.java:77)] - Unwanted product is removed
2020-04-12 18:31:06.944 INFO [main] [com.pages.Myaccount_Placingorder] [deleted_message_appear_on_screen] [com.stepdefinition.Test_Myaccount_Deletecartitem.deleted_message_appear_on_screen(Test_Myaccount_Deletecartitem.java:83)] - Deleted message appears on screen
2020-04-12 18:31:22.906 DEBUG [main] [com.stepdefinition.Test_Myaccount_accountdetails] [user_on_homepage4] [com.stepdefinition.Test_My_Youtube.user_on_homepage4(Test_My_Youtube.java:30)] - Navigated to the specified url
2020-04-12 18:31:24.125 INFO [main] [com.stepdefinition.Test_Myaccount_accountdetails] [user_clicks_on_Demosite] [com.stepdefinition.Test_My_Youtube.user_clicks_on_Demosite(Test_My_Youtube.java:47)] - Navigated to the demosite
2020-04-12 18:31:30.578 INFO [main] [com.stepdefinition.Test_Myaccount_accountdetails] [user_clicks_on_vimeo_button] [com.stepdefinition.Test_My_Youtube.user_clicks_on_vimeo_button(Test_My_Youtube.java:62)] - Clicked on vimeo
2020-04-12 18:31:32.938 INFO [main] [com.stepdefinition.Test_Myaccount_accountdetails] [video_is_played] [com.stepdefinition.Test_My_Youtube.video_is_played(Test_My_Youtube.java:77)] - Clicked on play
2020-04-12 18:55:10.442 DEBUG [main] [com.stepdefinition.Test_Myaccount_Login] [user_on_homepage] [com.stepdefinition.Test_Myaccount_Login.user_on_homepage(Test_Myaccount_Login.java:30)] - Navigated to the specified url
2020-04-12 18:55:11.984 INFO [main] [com.stepdefinition.Test_Myaccount_Login] [user_on_login_page] [com.stepdefinition.Test_Myaccount_Login.user_on_login_page(Test_Myaccount_Login.java:48)] - Navigated to the Myaccount
2020-04-12 18:55:13.374 INFO [main] [com.stepdefinition.Test_Myaccount_Login] [user_enters_username_and_password] [com.stepdefinition.Test_Myaccount_Login.user_enters_username_and_password(Test_Myaccount_Login.java:59)] - Entered username and password
2020-04-12 18:55:14.966 ERROR [main] [com.stepdefinition.Test_Myaccount_Login] [user_clicks_login_button] [com.stepdefinition.Test_Myaccount_Login.user_clicks_login_button(Test_Myaccount_Login.java:66)] - Clicked on login button
2020-04-12 18:55:15.968 INFO [main] [com.stepdefinition.Test_Myaccount_Login] [user_lands_on_homepage] [com.stepdefinition.Test_Myaccount_Login.user_lands_on_homepage(Test_Myaccount_Login.java:73)] - Login sucessfull
2020-04-12 18:55:27.988 DEBUG [main] [com.stepdefinition.Test_Myaccount_accountdetails] [user_on_homepage1] [com.stepdefinition.Test_Myaccount_accountdetails.user_on_homepage1(Test_Myaccount_accountdetails.java:30)] - Navigated to the specified url
2020-04-12 18:55:29.270 INFO [main] [com.stepdefinition.Test_Myaccount_accountdetails] [user_on_login_page1] [com.stepdefinition.Test_Myaccount_accountdetails.user_on_login_page1(Test_Myaccount_accountdetails.java:48)] - Navigated to the Myaccount
2020-04-12 18:55:29.929 INFO [main] [com.stepdefinition.Test_Myaccount_accountdetails] [user_clicks_login_button1] [com.stepdefinition.Test_Myaccount_accountdetails.user_clicks_login_button1(Test_Myaccount_accountdetails.java:57)] - Entered username and password
2020-04-12 18:55:44.679 DEBUG [main] [com.stepdefinition.Test_BillingAddress] [user_on_home_page1] [com.stepdefinition.Test_BillingAddress.user_on_home_page1(Test_BillingAddress.java:30)] - navigating to the url
2020-04-12 18:55:45.978 INFO [main] [com.stepdefinition.Test_BillingAddress] [user_enters_to_login_page] [com.stepdefinition.Test_BillingAddress.user_enters_to_login_page(Test_BillingAddress.java:47)] - Navigating to myaccount
2020-04-12 18:55:58.802 DEBUG [main] [com.stepdefinition.Test_Addtobasket] [user_on_homepage2] [com.stepdefinition.Test_Addtobasket.user_on_homepage2(Test_Addtobasket.java:30)] - Navigated to the specified url
2020-04-12 18:56:00.611 INFO [main] [com.stepdefinition.Test_Addtobasket] [user_searches_the_product] [com.stepdefinition.Test_Addtobasket.user_searches_the_product(Test_Addtobasket.java:47)] - searched the product
2020-04-12 18:56:02.503 INFO [main] [com.stepdefinition.Test_Addtobasket] [user_select_the_product] [com.stepdefinition.Test_Addtobasket.user_select_the_product(Test_Addtobasket.java:63)] - selected the type of the product
2020-04-12 18:56:02.864 INFO [main] [com.stepdefinition.Test_Addtobasket] [user_select_the_filter] [com.stepdefinition.Test_Addtobasket.user_select_the_filter(Test_Addtobasket.java:78)] - Added filter
2020-04-12 18:56:03.035 INFO [main] [com.stepdefinition.Test_Addtobasket] [user_click_the_product] [com.stepdefinition.Test_Addtobasket.user_click_the_product(Test_Addtobasket.java:84)] - selected the final product
2020-04-12 18:56:05.506 INFO [main] [com.stepdefinition.Test_Addtobasket] [user_add_to_basket] [com.stepdefinition.Test_Addtobasket.user_add_to_basket(Test_Addtobasket.java:91)] - Added to the basket
2020-04-12 18:56:07.521 INFO [main] [com.stepdefinition.Test_Addtobasket] [user_lands_on_basketpage] [com.stepdefinition.Test_Addtobasket.user_lands_on_basketpage(Test_Addtobasket.java:106)] - Landed on the basket page
2020-04-12 18:56:19.629 DEBUG [main] [com.stepdefinition.Test_Demosite_Download] [user_on_homepage3] [com.stepdefinition.Test_Demosite_Download.user_on_homepage3(Test_Demosite_Download.java:30)] - Navigated to the specified url
2020-04-12 18:56:19.643 INFO [main] [com.stepdefinition.Test_Demosite_Download] [userclicks_on_Demosite] [com.stepdefinition.Test_Demosite_Download.userclicks_on_Demosite(Test_Demosite_Download.java:47)] - Clicking on Demosite
2020-04-12 18:56:25.908 INFO [main] [com.stepdefinition.Test_Demosite_Download] [user_clicks_on_Download_file] [com.stepdefinition.Test_Demosite_Download.user_clicks_on_Download_file(Test_Demosite_Download.java:64)] - Clicking on download file
2020-04-12 18:56:26.964 INFO [main] [com.stepdefinition.Test_Demosite_Download] [user_enters_the_data] [com.stepdefinition.Test_Demosite_Download.user_enters_the_data(Test_Demosite_Download.java:80)] - Entering the data
2020-04-12 18:56:27.291 INFO [main] [com.stepdefinition.Test_Demosite_Download] [user_generates_the_file] [com.stepdefinition.Test_Demosite_Download.user_generates_the_file(Test_Demosite_Download.java:87)] - Generating the file
2020-04-12 18:56:27.926 INFO [main] [com.stepdefinition.Test_Demosite_Download] [user_downloads_the_file] [com.stepdefinition.Test_Demosite_Download.user_downloads_the_file(Test_Demosite_Download.java:94)] - Downloading the file
2020-04-12 18:56:28.452 INFO [main] [com.stepdefinition.Test_Demosite_Download] [file_is_downloaded] [com.stepdefinition.Test_Demosite_Download.file_is_downloaded(Test_Demosite_Download.java:101)] - File is downloaded
2020-04-12 18:56:39.886 DEBUG [main] [com.pages.Myaccount_Placingorder] [enters_the_home_page] [com.stepdefinition.Test_Myaccount_Placingorder.enters_the_home_page(Test_Myaccount_Placingorder.java:28)] - Entered to home page
2020-04-12 18:56:44.726 INFO [main] [com.pages.Myaccount_Placingorder] [user_login_with_valid_credentials] [com.stepdefinition.Test_Myaccount_Placingorder.user_login_with_valid_credentials(Test_Myaccount_Placingorder.java:45)] - Navigated to the Myaccount
2020-04-12 18:56:44.912 INFO [main] [com.pages.Myaccount_Placingorder] [user_login_with_valid_credentials] [com.stepdefinition.Test_Myaccount_Placingorder.user_login_with_valid_credentials(Test_Myaccount_Placingorder.java:49)] - Entered username and password
2020-04-12 18:56:47.581 ERROR [main] [com.pages.Myaccount_Placingorder] [user_login_with_valid_credentials] [com.stepdefinition.Test_Myaccount_Placingorder.user_login_with_valid_credentials(Test_Myaccount_Placingorder.java:59)] - Clicked on login button
2020-04-12 18:56:48.763 INFO [main] [com.pages.Myaccount_Placingorder] [user_clicks_on_shop] [com.stepdefinition.Test_Myaccount_Placingorder.user_clicks_on_shop(Test_Myaccount_Placingorder.java:74)] - Navigated to the shop
2020-04-12 18:56:52.103 INFO [main] [com.pages.Myaccount_Placingorder] [user_select_an_item_to_basket_and_view_the_product] [com.stepdefinition.Test_Myaccount_Placingorder.user_select_an_item_to_basket_and_view_the_product(Test_Myaccount_Placingorder.java:90)] - Added item to the basket and clicked to view the basket
2020-04-12 18:56:53.652 INFO [main] [com.pages.Myaccount_Placingorder] [clicks_on_proceed] [com.stepdefinition.Test_Myaccount_Placingorder.clicks_on_proceed(Test_Myaccount_Placingorder.java:106)] - Clicked on proceed
2020-04-12 18:56:57.529 INFO [main] [com.pages.Myaccount_Placingorder] [moveon_to_place_order] [com.stepdefinition.Test_Myaccount_Placingorder.moveon_to_place_order(Test_Myaccount_Placingorder.java:121)] - Placed order
2020-04-12 18:57:08.869 DEBUG [main] [com.pages.Myaccount_Placingorder] [user_on_home_page6] [com.stepdefinition.Test_Myaccount_Deletecartitem.user_on_home_page6(Test_Myaccount_Deletecartitem.java:28)] - Entered to home page
2020-04-12 18:57:17.989 ERROR [main] [com.pages.Myaccount_Placingorder] [select_the_shop_for_a_product_and_add_to_cart] [com.stepdefinition.Test_Myaccount_Deletecartitem.select_the_shop_for_a_product_and_add_to_cart(Test_Myaccount_Deletecartitem.java:53)] - Users logged with valid credentials
2020-04-12 18:57:22.043 ERROR [main] [com.pages.Myaccount_Placingorder] [clicks_on_view_basket] [com.stepdefinition.Test_Myaccount_Deletecartitem.clicks_on_view_basket(Test_Myaccount_Deletecartitem.java:68)] - Clicks on view basket
2020-04-12 18:57:24.135 ERROR [main] [com.pages.Myaccount_Placingorder] [delete_the_unwanted_item] [com.stepdefinition.Test_Myaccount_Deletecartitem.delete_the_unwanted_item(Test_Myaccount_Deletecartitem.java:77)] - Unwanted product is removed
2020-04-12 18:57:24.137 INFO [main] [com.pages.Myaccount_Placingorder] [deleted_message_appear_on_screen] [com.stepdefinition.Test_Myaccount_Deletecartitem.deleted_message_appear_on_screen(Test_Myaccount_Deletecartitem.java:83)] - Deleted message appears on screen
2020-04-12 18:57:40.237 DEBUG [main] [com.stepdefinition.Test_Myaccount_accountdetails] [user_on_homepage4] [com.stepdefinition.Test_My_Youtube.user_on_homepage4(Test_My_Youtube.java:30)] - Navigated to the specified url
2020-04-12 18:57:42.314 INFO [main] [com.stepdefinition.Test_Myaccount_accountdetails] [user_clicks_on_Demosite] [com.stepdefinition.Test_My_Youtube.user_clicks_on_Demosite(Test_My_Youtube.java:47)] - Navigated to the demosite
2020-04-12 18:57:43.917 INFO [main] [com.stepdefinition.Test_Myaccount_accountdetails] [user_clicks_on_vimeo_button] [com.stepdefinition.Test_My_Youtube.user_clicks_on_vimeo_button(Test_My_Youtube.java:62)] - Clicked on vimeo
2020-04-12 18:57:44.160 INFO [main] [com.stepdefinition.Test_Myaccount_accountdetails] [video_is_played] [com.stepdefinition.Test_My_Youtube.video_is_played(Test_My_Youtube.java:77)] - Clicked on play
2020-04-12 18:58:35.398 DEBUG [main] [com.stepdefinition.Test_Myaccount_accountdetails] [user_on_homepage1] [com.stepdefinition.Test_Myaccount_accountdetails.user_on_homepage1(Test_Myaccount_accountdetails.java:30)] - Navigated to the specified url
2020-04-12 18:58:37.458 INFO [main] [com.stepdefinition.Test_Myaccount_accountdetails] [user_on_login_page1] [com.stepdefinition.Test_Myaccount_accountdetails.user_on_login_page1(Test_Myaccount_accountdetails.java:48)] - Navigated to the Myaccount
2020-04-12 18:58:37.683 INFO [main] [com.stepdefinition.Test_Myaccount_accountdetails] [user_clicks_login_button1] [com.stepdefinition.Test_Myaccount_accountdetails.user_clicks_login_button1(Test_Myaccount_accountdetails.java:57)] - Entered username and password
2020-04-12 18:58:39.426 ERROR [main] [com.stepdefinition.Test_Myaccount_accountdetails] [user_clicks_on_Accountdetails1] [com.stepdefinition.Test_Myaccount_accountdetails.user_clicks_on_Accountdetails1(Test_Myaccount_accountdetails.java:72)] - Navigating to your account
2020-04-12 18:58:43.168 INFO [main] [com.stepdefinition.Test_Myaccount_accountdetails] [user_enters_and_and] [com.stepdefinition.Test_Myaccount_accountdetails.user_enters_and_and(Test_Myaccount_accountdetails.java:80)] - Entered new password
2020-04-12 18:58:43.169 INFO [main] [com.stepdefinition.Test_Myaccount_accountdetails] [user_lands_on_password_changed_successfully] [com.stepdefinition.Test_Myaccount_accountdetails.user_lands_on_password_changed_successfully(Test_Myaccount_accountdetails.java:86)] - Password changed successfully
2020-04-12 18:59:12.339 DEBUG [main] [com.stepdefinition.Test_BillingAddress] [user_on_home_page1] [com.stepdefinition.Test_BillingAddress.user_on_home_page1(Test_BillingAddress.java:30)] - navigating to the url
2020-04-12 18:59:14.100 INFO [main] [com.stepdefinition.Test_BillingAddress] [user_enters_to_login_page] [com.stepdefinition.Test_BillingAddress.user_enters_to_login_page(Test_BillingAddress.java:47)] - Navigating to myaccount
2020-04-12 18:59:17.131 INFO [main] [com.stepdefinition.Test_BillingAddress] [user_enters_details_and_clicks_login_button] [com.stepdefinition.Test_BillingAddress.user_enters_details_and_clicks_login_button(Test_BillingAddress.java:57)] - entered username and password
2020-04-12 18:59:20.569 INFO [main] [com.stepdefinition.Test_BillingAddress] [user_click_on_edit_option] [com.stepdefinition.Test_BillingAddress.user_click_on_edit_option(Test_BillingAddress.java:79)] - clicked on edit billing address
2020-04-12 18:59:22.874 INFO [main] [com.stepdefinition.Test_BillingAddress] [start_entering_details] [com.stepdefinition.Test_BillingAddress.start_entering_details(Test_BillingAddress.java:86)] - edited the billing address
2020-04-12 18:59:24.747 INFO [main] [com.stepdefinition.Test_BillingAddress] [click_on_savechanges] [com.stepdefinition.Test_BillingAddress.click_on_savechanges(Test_BillingAddress.java:93)] - clicked on save changes
